**********************
Inicio de la transcripción de Windows PowerShell
Hora de inicio: 20250813114525
Nombre de usuario: DESKTOP-QLQNE2Q\Admin
Usuario RunAs: DESKTOP-QLQNE2Q\Admin
Nombre de la configuración: 
Máquina: DESKTOP-QLQNE2Q (Microsoft Windows NT 10.0.26100.0)
Aplicación host: powershell.exe -NoProfile -ExecutionPolicy Bypass -File D:\ROOT\OPS\SCRIPTS\PROVISION\Provision.ps1 -ValidatePlan
Id. de proceso: 4676
PSVersion: 5.1.26100.1591
PSEdition: Desktop
PSCompatibleVersions: 1.0, 2.0, 3.0, 4.0, 5.0, 5.1.26100.1591
BuildVersion: 10.0.26100.1591
CLRVersion: 4.0.30319.42000
WSManStackVersion: 3.0
PSRemotingProtocolVersion: 2.3
SerializationVersion: 1.1.0.1
**********************
[policy] Join unificado: ACTIVO (usa Add-Computer -NewName si no esta en dominio y el nombre debe cambiar)
[OK] Edición compatible para dominio: Microsoft Windows 11 Pro (EditionID=Professional)
[OK] Plan válido.
PS>ErrorTerminación(): "Error del sistema."
**********************
Fin de la transcripción de Windows PowerShell
Hora de finalización: 20250813114525
**********************
