**********************
Inicio de la transcripción de Windows PowerShell
Hora de inicio: 20250813114547
Nombre de usuario: DESKTOP-QLQNE2Q\Admin
Usuario RunAs: DESKTOP-QLQNE2Q\Admin
Nombre de la configuración: 
Máquina: DESKTOP-QLQNE2Q (Microsoft Windows NT 10.0.26100.0)
Aplicación host: powershell.exe -NoProfile -ExecutionPolicy Bypass -File D:\ROOT\OPS\SCRIPTS\PROVISION\Provision.ps1
Id. de proceso: 3108
PSVersion: 5.1.26100.1591
PSEdition: Desktop
PSCompatibleVersions: 1.0, 2.0, 3.0, 4.0, 5.0, 5.1.26100.1591
BuildVersion: 10.0.26100.1591
CLRVersion: 4.0.30319.42000
WSManStackVersion: 3.0
PSRemotingProtocolVersion: 2.3
SerializationVersion: 1.1.0.1
**********************
[policy] Join unificado: ACTIVO (usa Add-Computer -NewName si no esta en dominio y el nombre debe cambiar)
[OK] Edición compatible para dominio: Microsoft Windows 11 Pro (EditionID=Professional)
[i] NIC seleccionada: Ethernet (MAC raw D0-46-0C-A1-65-F4 -> D0:46:0C:A1:65:F4, ifIndex 7)
D:\ROOT\OPS\SCRIPTS\PROVISION\Provision.ps1 : La IP 172.16.66.19 parece en uso (Ping/ARP/NBNS). Usa -Force para ignorar.
    + CategoryInfo          : NotSpecified: (:) [Write-Error], WriteErrorException
    + FullyQualifiedErrorId : Microsoft.PowerShell.Commands.WriteErrorException,Provision.ps1
D:\ROOT\OPS\SCRIPTS\PROVISION\Provision.ps1 : La IP 172.16.66.19 parece en uso (Ping/ARP/NBNS). Usa -Force para
ignorar.
    + CategoryInfo          : NotSpecified: (:) [Write-Error], WriteErrorException
    + FullyQualifiedErrorId : Microsoft.PowerShell.Commands.WriteErrorException,Provision.ps1

**********************
Fin de la transcripción de Windows PowerShell
Hora de finalización: 20250813114619
**********************
